<?xml version="1.0" encoding="UTF-8"?>
<testng-results skipped="0" failed="0" ignored="0" total="1" passed="1">
  <reporter-output>
  </reporter-output>
  <suite name="Default suite" duration-ms="227" started-at="2018-08-19T21:11:44Z" finished-at="2018-08-19T21:11:44Z">
    <groups>
      <group name="cucumber">
        <method signature="AbstractTestNGCucumberTests.feature(cucumber.api.testng.CucumberFeatureWrapper)[pri:0, instance:cukes.TestRunner@25bbf683]" name="feature" class="cucumber.api.testng.AbstractTestNGCucumberTests"/>
      </group> <!-- cucumber -->
    </groups>
    <test name="Default test" duration-ms="227" started-at="2018-08-19T21:11:44Z" finished-at="2018-08-19T21:11:44Z">
      <class name="cukes.TestRunner">
        <test-method status="PASS" signature="setUpClass()[pri:0, instance:cukes.TestRunner@25bbf683]" name="setUpClass" is-config="true" duration-ms="129" started-at="2018-08-19T21:11:44Z" finished-at="2018-08-19T21:11:44Z">
          <reporter-output>
          </reporter-output>
        </test-method> <!-- setUpClass -->
        <test-method status="PASS" signature="feature(cucumber.api.testng.CucumberFeatureWrapper)[pri:0, instance:cukes.TestRunner@25bbf683]" name="feature" duration-ms="12" started-at="2018-08-19T21:11:44Z" description="Runs Cucumber Feature" data-provider="features" finished-at="2018-08-19T21:11:44Z">
          <params>
            <param index="0">
              <value>
                <![CDATA[The user can login to the site]]>
              </value>
            </param>
          </params>
          <reporter-output>
          </reporter-output>
        </test-method> <!-- feature -->
        <test-method status="PASS" signature="tearDownClass()[pri:0, instance:cukes.TestRunner@25bbf683]" name="tearDownClass" is-config="true" duration-ms="22" started-at="2018-08-19T21:11:44Z" finished-at="2018-08-19T21:11:44Z">
          <reporter-output>
          </reporter-output>
        </test-method> <!-- tearDownClass -->
      </class> <!-- cukes.TestRunner -->
    </test> <!-- Default test -->
  </suite> <!-- Default suite -->
</testng-results>
