<?xml version="1.0" encoding="UTF-8"?>
<testng-results skipped="0" failed="0" ignored="0" total="5" passed="5">
  <reporter-output>
  </reporter-output>
  <suite name="Default suite" duration-ms="594" started-at="2018-08-19T02:02:27Z" finished-at="2018-08-19T02:02:27Z">
    <groups>
      <group name="cucumber">
        <method signature="AbstractTestNGCucumberTests.feature(cucumber.api.testng.CucumberFeatureWrapper)[pri:0, instance:cukes.TestRunner@6e06451e]" name="feature" class="cucumber.api.testng.AbstractTestNGCucumberTests"/>
      </group> <!-- cucumber -->
    </groups>
    <test name="Default test" duration-ms="594" started-at="2018-08-19T02:02:27Z" finished-at="2018-08-19T02:02:27Z">
      <class name="cukes.TestRunner">
        <test-method status="PASS" signature="setUpClass()[pri:0, instance:cukes.TestRunner@6e06451e]" name="setUpClass" is-config="true" duration-ms="317" started-at="2018-08-18T22:02:27Z" finished-at="2018-08-18T22:02:27Z">
          <reporter-output>
          </reporter-output>
        </test-method> <!-- setUpClass -->
        <test-method status="PASS" signature="feature(cucumber.api.testng.CucumberFeatureWrapper)[pri:0, instance:cukes.TestRunner@6e06451e]" name="feature" duration-ms="29" started-at="2018-08-18T22:02:27Z" description="Runs Cucumber Feature" data-provider="features" finished-at="2018-08-18T22:02:27Z">
          <params>
            <param index="0">
              <value>
                <![CDATA[The user can open the application]]>
              </value>
            </param>
          </params>
          <reporter-output>
          </reporter-output>
        </test-method> <!-- feature -->
        <test-method status="PASS" signature="feature(cucumber.api.testng.CucumberFeatureWrapper)[pri:0, instance:cukes.TestRunner@6e06451e]" name="feature" duration-ms="7" started-at="2018-08-18T22:02:27Z" description="Runs Cucumber Feature" data-provider="features" finished-at="2018-08-18T22:02:27Z">
          <params>
            <param index="0">
              <value>
                <![CDATA[The user can log out of the website]]>
              </value>
            </param>
          </params>
          <reporter-output>
          </reporter-output>
        </test-method> <!-- feature -->
        <test-method status="PASS" signature="feature(cucumber.api.testng.CucumberFeatureWrapper)[pri:0, instance:cukes.TestRunner@6e06451e]" name="feature" duration-ms="5" started-at="2018-08-18T22:02:27Z" description="Runs Cucumber Feature" data-provider="features" finished-at="2018-08-18T22:02:27Z">
          <params>
            <param index="0">
              <value>
                <![CDATA[The user can view the batch information page]]>
              </value>
            </param>
          </params>
          <reporter-output>
          </reporter-output>
        </test-method> <!-- feature -->
        <test-method status="PASS" signature="feature(cucumber.api.testng.CucumberFeatureWrapper)[pri:0, instance:cukes.TestRunner@6e06451e]" name="feature" duration-ms="4" started-at="2018-08-18T22:02:27Z" description="Runs Cucumber Feature" data-provider="features" finished-at="2018-08-18T22:02:27Z">
          <params>
            <param index="0">
              <value>
                <![CDATA[The user can view the curriculum information page]]>
              </value>
            </param>
          </params>
          <reporter-output>
          </reporter-output>
        </test-method> <!-- feature -->
        <test-method status="PASS" signature="feature(cucumber.api.testng.CucumberFeatureWrapper)[pri:0, instance:cukes.TestRunner@6e06451e]" name="feature" duration-ms="17" started-at="2018-08-18T22:02:27Z" description="Runs Cucumber Feature" data-provider="features" finished-at="2018-08-18T22:02:27Z">
          <params>
            <param index="0">
              <value>
                <![CDATA[The user can login to the site]]>
              </value>
            </param>
          </params>
          <reporter-output>
          </reporter-output>
        </test-method> <!-- feature -->
        <test-method status="PASS" signature="tearDownClass()[pri:0, instance:cukes.TestRunner@6e06451e]" name="tearDownClass" is-config="true" duration-ms="77" started-at="2018-08-18T22:02:27Z" finished-at="2018-08-18T22:02:27Z">
          <reporter-output>
          </reporter-output>
        </test-method> <!-- tearDownClass -->
      </class> <!-- cukes.TestRunner -->
    </test> <!-- Default test -->
  </suite> <!-- Default suite -->
</testng-results>
