<?xml version="1.0" encoding="UTF-8"?>
<testng-results skipped="0" failed="0" ignored="0" total="3" passed="3">
  <reporter-output>
  </reporter-output>
  <suite name="Default suite" duration-ms="31973" started-at="2018-08-19T19:21:06Z" finished-at="2018-08-19T19:21:38Z">
    <groups>
      <group name="cucumber">
        <method signature="AbstractTestNGCucumberTests.feature(cucumber.api.testng.CucumberFeatureWrapper)[pri:0, instance:cukes.TestRunner@1ce92674]" name="feature" class="cucumber.api.testng.AbstractTestNGCucumberTests"/>
      </group> <!-- cucumber -->
    </groups>
    <test name="Default test" duration-ms="31973" started-at="2018-08-19T19:21:06Z" finished-at="2018-08-19T19:21:38Z">
      <class name="cukes.TestRunner">
        <test-method status="PASS" signature="setUpClass()[pri:0, instance:cukes.TestRunner@1ce92674]" name="setUpClass" is-config="true" duration-ms="908" started-at="2018-08-19T19:21:06Z" finished-at="2018-08-19T19:21:07Z">
          <reporter-output>
          </reporter-output>
        </test-method> <!-- setUpClass -->
        <test-method status="PASS" signature="feature(cucumber.api.testng.CucumberFeatureWrapper)[pri:0, instance:cukes.TestRunner@1ce92674]" name="feature" duration-ms="19001" started-at="2018-08-19T19:21:07Z" description="Runs Cucumber Feature" data-provider="features" finished-at="2018-08-19T19:21:26Z">
          <params>
            <param index="0">
              <value>
                <![CDATA[The user can login to the site]]>
              </value>
            </param>
          </params>
          <reporter-output>
          </reporter-output>
        </test-method> <!-- feature -->
        <test-method status="PASS" signature="feature(cucumber.api.testng.CucumberFeatureWrapper)[pri:0, instance:cukes.TestRunner@1ce92674]" name="feature" duration-ms="8077" started-at="2018-08-19T19:21:26Z" description="Runs Cucumber Feature" data-provider="features" finished-at="2018-08-19T19:21:35Z">
          <params>
            <param index="0">
              <value>
                <![CDATA[The user can export a CSV document]]>
              </value>
            </param>
          </params>
          <reporter-output>
          </reporter-output>
        </test-method> <!-- feature -->
        <test-method status="PASS" signature="feature(cucumber.api.testng.CucumberFeatureWrapper)[pri:0, instance:cukes.TestRunner@1ce92674]" name="feature" duration-ms="3461" started-at="2018-08-19T19:21:35Z" description="Runs Cucumber Feature" data-provider="features" finished-at="2018-08-19T19:21:38Z">
          <params>
            <param index="0">
              <value>
                <![CDATA[The user can log out of the website]]>
              </value>
            </param>
          </params>
          <reporter-output>
          </reporter-output>
        </test-method> <!-- feature -->
        <test-method status="PASS" signature="tearDownClass()[pri:0, instance:cukes.TestRunner@1ce92674]" name="tearDownClass" is-config="true" duration-ms="160" started-at="2018-08-19T19:21:38Z" finished-at="2018-08-19T19:21:38Z">
          <reporter-output>
          </reporter-output>
        </test-method> <!-- tearDownClass -->
      </class> <!-- cukes.TestRunner -->
    </test> <!-- Default test -->
  </suite> <!-- Default suite -->
</testng-results>
