<?xml version="1.0" encoding="UTF-8"?>
<testng-results skipped="0" failed="0" ignored="0" total="7" passed="7">
  <reporter-output>
  </reporter-output>
  <suite name="Default suite" duration-ms="44071" started-at="2018-08-20T02:22:30Z" finished-at="2018-08-20T02:23:14Z">
    <groups>
      <group name="cucumber">
        <method signature="AbstractTestNGCucumberTests.feature(cucumber.api.testng.CucumberFeatureWrapper)[pri:0, instance:cukes.TestRunner@1ce92674]" name="feature" class="cucumber.api.testng.AbstractTestNGCucumberTests"/>
      </group> <!-- cucumber -->
    </groups>
    <test name="Default test" duration-ms="44071" started-at="2018-08-20T02:22:30Z" finished-at="2018-08-20T02:23:14Z">
      <class name="cukes.TestRunner">
        <test-method status="PASS" signature="setUpClass()[pri:0, instance:cukes.TestRunner@1ce92674]" name="setUpClass" is-config="true" duration-ms="975" started-at="2018-08-20T02:22:30Z" finished-at="2018-08-20T02:22:31Z">
          <reporter-output>
          </reporter-output>
        </test-method> <!-- setUpClass -->
        <test-method status="PASS" signature="feature(cucumber.api.testng.CucumberFeatureWrapper)[pri:0, instance:cukes.TestRunner@1ce92674]" name="feature" duration-ms="22025" started-at="2018-08-20T02:22:31Z" description="Runs Cucumber Feature" data-provider="features" finished-at="2018-08-20T02:22:53Z">
          <params>
            <param index="0">
              <value>
                <![CDATA[The user can login to the site]]>
              </value>
            </param>
          </params>
          <reporter-output>
          </reporter-output>
        </test-method> <!-- feature -->
        <test-method status="PASS" signature="feature(cucumber.api.testng.CucumberFeatureWrapper)[pri:0, instance:cukes.TestRunner@1ce92674]" name="feature" duration-ms="8229" started-at="2018-08-20T02:22:53Z" description="Runs Cucumber Feature" data-provider="features" finished-at="2018-08-20T02:23:01Z">
          <params>
            <param index="0">
              <value>
                <![CDATA[The user can export a CSV document]]>
              </value>
            </param>
          </params>
          <reporter-output>
          </reporter-output>
        </test-method> <!-- feature -->
        <test-method status="PASS" signature="feature(cucumber.api.testng.CucumberFeatureWrapper)[pri:0, instance:cukes.TestRunner@1ce92674]" name="feature" duration-ms="2095" started-at="2018-08-20T02:23:01Z" description="Runs Cucumber Feature" data-provider="features" finished-at="2018-08-20T02:23:03Z">
          <params>
            <param index="0">
              <value>
                <![CDATA[The user can view the batches that are in progress]]>
              </value>
            </param>
          </params>
          <reporter-output>
          </reporter-output>
        </test-method> <!-- feature -->
        <test-method status="PASS" signature="feature(cucumber.api.testng.CucumberFeatureWrapper)[pri:0, instance:cukes.TestRunner@1ce92674]" name="feature" duration-ms="872" started-at="2018-08-20T02:23:03Z" description="Runs Cucumber Feature" data-provider="features" finished-at="2018-08-20T02:23:04Z">
          <params>
            <param index="0">
              <value>
                <![CDATA[The user can view the batches that are beginging in two weeks]]>
              </value>
            </param>
          </params>
          <reporter-output>
          </reporter-output>
        </test-method> <!-- feature -->
        <test-method status="PASS" signature="feature(cucumber.api.testng.CucumberFeatureWrapper)[pri:0, instance:cukes.TestRunner@1ce92674]" name="feature" duration-ms="3392" started-at="2018-08-20T02:23:04Z" description="Runs Cucumber Feature" data-provider="features" finished-at="2018-08-20T02:23:08Z">
          <params>
            <param index="0">
              <value>
                <![CDATA[The user can add a location]]>
              </value>
            </param>
          </params>
          <reporter-output>
          </reporter-output>
        </test-method> <!-- feature -->
        <test-method status="PASS" signature="feature(cucumber.api.testng.CucumberFeatureWrapper)[pri:0, instance:cukes.TestRunner@1ce92674]" name="feature" duration-ms="3162" started-at="2018-08-20T02:23:08Z" description="Runs Cucumber Feature" data-provider="features" finished-at="2018-08-20T02:23:11Z">
          <params>
            <param index="0">
              <value>
                <![CDATA[The user can download a resume]]>
              </value>
            </param>
          </params>
          <reporter-output>
          </reporter-output>
        </test-method> <!-- feature -->
        <test-method status="PASS" signature="feature(cucumber.api.testng.CucumberFeatureWrapper)[pri:0, instance:cukes.TestRunner@1ce92674]" name="feature" duration-ms="2736" started-at="2018-08-20T02:23:11Z" description="Runs Cucumber Feature" data-provider="features" finished-at="2018-08-20T02:23:14Z">
          <params>
            <param index="0">
              <value>
                <![CDATA[The user can log out of the website]]>
              </value>
            </param>
          </params>
          <reporter-output>
          </reporter-output>
        </test-method> <!-- feature -->
        <test-method status="PASS" signature="tearDownClass()[pri:0, instance:cukes.TestRunner@1ce92674]" name="tearDownClass" is-config="true" duration-ms="195" started-at="2018-08-20T02:23:14Z" finished-at="2018-08-20T02:23:14Z">
          <reporter-output>
          </reporter-output>
        </test-method> <!-- tearDownClass -->
      </class> <!-- cukes.TestRunner -->
    </test> <!-- Default test -->
  </suite> <!-- Default suite -->
</testng-results>
