<?xml version="1.0" encoding="UTF-8"?>
<!-- Generated by org.testng.reporters.JUnitXMLReporter -->
<testsuite hostname="DESKTOP-DDSCK2F" ignored="0" name="Default test" tests="9" failures="0" timestamp="24 Aug 2018 03:26:47 GMT" time="124.553" errors="0">
  <testcase name="feature" time="8.747" classname="cucumber.api.testng.AbstractTestNGCucumberTests"/>
  <testcase name="feature" time="12.466" classname="cucumber.api.testng.AbstractTestNGCucumberTests"/>
  <testcase name="feature" time="12.486" classname="cucumber.api.testng.AbstractTestNGCucumberTests"/>
  <testcase name="feature" time="10.73" classname="cucumber.api.testng.AbstractTestNGCucumberTests"/>
  <testcase name="feature" time="26.901" classname="cucumber.api.testng.AbstractTestNGCucumberTests"/>
  <testcase name="feature" time="15.489" classname="cucumber.api.testng.AbstractTestNGCucumberTests"/>
  <testcase name="feature" time="14.282" classname="cucumber.api.testng.AbstractTestNGCucumberTests"/>
  <testcase name="feature" time="12.462" classname="cucumber.api.testng.AbstractTestNGCucumberTests"/>
  <testcase name="feature" time="10.152" classname="cucumber.api.testng.AbstractTestNGCucumberTests"/>
</testsuite> <!-- Default test -->
