<?xml version="1.0" encoding="UTF-8"?>
<!-- Generated by org.testng.reporters.JUnitXMLReporter -->
<testsuite hostname="Jacobs-MacBook-Pro.local" ignored="0" name="All Tests" tests="9" failures="0" timestamp="24 Aug 2018 01:28:37 GMT" time="74.74" errors="0">
  <testcase name="feature" time="4.417" classname="cucumber.api.testng.AbstractTestNGCucumberTests"/>
  <testcase name="feature" time="10.321" classname="cucumber.api.testng.AbstractTestNGCucumberTests"/>
  <testcase name="feature" time="8.458" classname="cucumber.api.testng.AbstractTestNGCucumberTests"/>
  <testcase name="feature" time="5.736" classname="cucumber.api.testng.AbstractTestNGCucumberTests"/>
  <testcase name="feature" time="20.932" classname="cucumber.api.testng.AbstractTestNGCucumberTests"/>
  <testcase name="feature" time="6.037" classname="cucumber.api.testng.AbstractTestNGCucumberTests"/>
  <testcase name="feature" time="6.287" classname="cucumber.api.testng.AbstractTestNGCucumberTests"/>
  <testcase name="feature" time="5.962" classname="cucumber.api.testng.AbstractTestNGCucumberTests"/>
  <testcase name="feature" time="6.351" classname="cucumber.api.testng.AbstractTestNGCucumberTests"/>
</testsuite> <!-- All Tests -->
