<?xml version="1.0" encoding="UTF-8"?>
<!-- Generated by org.testng.reporters.JUnitXMLReporter -->
<testsuite hostname="DESKTOP-DDSCK2F" ignored="0" name="All Tests" tests="9" failures="0" timestamp="24 Aug 2018 02:44:46 GMT" time="118.956" errors="0">
  <testcase name="feature" time="8.175" classname="cucumber.api.testng.AbstractTestNGCucumberTests"/>
  <testcase name="feature" time="15.292" classname="cucumber.api.testng.AbstractTestNGCucumberTests"/>
  <testcase name="feature" time="12.22" classname="cucumber.api.testng.AbstractTestNGCucumberTests"/>
  <testcase name="feature" time="13.035" classname="cucumber.api.testng.AbstractTestNGCucumberTests"/>
  <testcase name="feature" time="24.437" classname="cucumber.api.testng.AbstractTestNGCucumberTests"/>
  <testcase name="feature" time="12.431" classname="cucumber.api.testng.AbstractTestNGCucumberTests"/>
  <testcase name="feature" time="12.422" classname="cucumber.api.testng.AbstractTestNGCucumberTests"/>
  <testcase name="feature" time="10.629" classname="cucumber.api.testng.AbstractTestNGCucumberTests"/>
  <testcase name="feature" time="9.595" classname="cucumber.api.testng.AbstractTestNGCucumberTests"/>
</testsuite> <!-- All Tests -->
