<?xml version="1.0" encoding="UTF-8"?>
<!-- Generated by org.testng.reporters.JUnitXMLReporter -->
<testsuite hostname="DESKTOP-DDSCK2F" ignored="0" name="Default test" tests="5" failures="0" timestamp="19 Aug 2018 02:02:27 GMT" time="0.594" errors="0">
  <testcase name="feature" time="0.029" classname="cucumber.api.testng.AbstractTestNGCucumberTests"/>
  <testcase name="feature" time="0.007" classname="cucumber.api.testng.AbstractTestNGCucumberTests"/>
  <testcase name="feature" time="0.005" classname="cucumber.api.testng.AbstractTestNGCucumberTests"/>
  <testcase name="feature" time="0.004" classname="cucumber.api.testng.AbstractTestNGCucumberTests"/>
  <testcase name="feature" time="0.017" classname="cucumber.api.testng.AbstractTestNGCucumberTests"/>
</testsuite> <!-- Default test -->
