<?xml version="1.0" encoding="UTF-8"?>
<!-- Generated by org.testng.reporters.JUnitXMLReporter -->
<testsuite hostname="DESKTOP-ICF32N5" ignored="0" name="Default test" tests="7" failures="0" timestamp="20 Aug 2018 02:23:14 GMT" time="44.071" errors="0">
  <testcase name="feature" time="22.025" classname="cucumber.api.testng.AbstractTestNGCucumberTests"/>
  <testcase name="feature" time="8.229" classname="cucumber.api.testng.AbstractTestNGCucumberTests"/>
  <testcase name="feature" time="2.095" classname="cucumber.api.testng.AbstractTestNGCucumberTests"/>
  <testcase name="feature" time="0.872" classname="cucumber.api.testng.AbstractTestNGCucumberTests"/>
  <testcase name="feature" time="3.392" classname="cucumber.api.testng.AbstractTestNGCucumberTests"/>
  <testcase name="feature" time="3.162" classname="cucumber.api.testng.AbstractTestNGCucumberTests"/>
  <testcase name="feature" time="2.736" classname="cucumber.api.testng.AbstractTestNGCucumberTests"/>
</testsuite> <!-- Default test -->
