<?xml version="1.0" encoding="UTF-8"?>
<testng-results skipped="0" failed="0" ignored="0" total="9" passed="9">
  <reporter-output>
  </reporter-output>
  <suite name="SuiteToRunTests" duration-ms="45386" started-at="2018-08-23T18:17:08Z" finished-at="2018-08-23T18:17:54Z">
    <groups>
      <group name="cucumber">
        <method signature="AbstractTestNGCucumberTests.feature(cucumber.api.testng.CucumberFeatureWrapper)[pri:0, instance:com.revature.cucumberop.TestRunner@553f17c]" name="feature" class="cucumber.api.testng.AbstractTestNGCucumberTests"/>
      </group> <!-- cucumber -->
    </groups>
    <test name="All Tests" duration-ms="45386" started-at="2018-08-23T18:17:08Z" finished-at="2018-08-23T18:17:54Z">
      <class name="com.revature.cucumberop.TestRunner">
        <test-method status="PASS" signature="setUpClass()[pri:0, instance:com.revature.cucumberop.TestRunner@553f17c]" name="setUpClass" is-config="true" duration-ms="170" started-at="2018-08-23T14:17:08Z" finished-at="2018-08-23T14:17:09Z">
          <reporter-output>
          </reporter-output>
        </test-method> <!-- setUpClass -->
        <test-method status="PASS" signature="feature(cucumber.api.testng.CucumberFeatureWrapper)[pri:0, instance:com.revature.cucumberop.TestRunner@553f17c]" name="feature" duration-ms="5721" started-at="2018-08-23T14:17:09Z" description="Runs Cucumber Feature" data-provider="features" finished-at="2018-08-23T14:17:14Z">
          <params>
            <param index="0">
              <value>
                <![CDATA[]]>
              </value>
            </param>
          </params>
          <reporter-output>
          </reporter-output>
        </test-method> <!-- feature -->
        <test-method status="PASS" signature="feature(cucumber.api.testng.CucumberFeatureWrapper)[pri:0, instance:com.revature.cucumberop.TestRunner@553f17c]" name="feature" duration-ms="4880" started-at="2018-08-23T14:17:14Z" description="Runs Cucumber Feature" data-provider="features" finished-at="2018-08-23T14:17:19Z">
          <params>
            <param index="0">
              <value>
                <![CDATA[The user is able to add a focus]]>
              </value>
            </param>
          </params>
          <reporter-output>
          </reporter-output>
        </test-method> <!-- feature -->
        <test-method status="PASS" signature="feature(cucumber.api.testng.CucumberFeatureWrapper)[pri:0, instance:com.revature.cucumberop.TestRunner@553f17c]" name="feature" duration-ms="4770" started-at="2018-08-23T14:17:19Z" description="Runs Cucumber Feature" data-provider="features" finished-at="2018-08-23T14:17:24Z">
          <params>
            <param index="0">
              <value>
                <![CDATA[The user is able to add a skill]]>
              </value>
            </param>
          </params>
          <reporter-output>
          </reporter-output>
        </test-method> <!-- feature -->
        <test-method status="PASS" signature="feature(cucumber.api.testng.CucumberFeatureWrapper)[pri:0, instance:com.revature.cucumberop.TestRunner@553f17c]" name="feature" duration-ms="5048" started-at="2018-08-23T14:17:24Z" description="Runs Cucumber Feature" data-provider="features" finished-at="2018-08-23T14:17:29Z">
          <params>
            <param index="0">
              <value>
                <![CDATA[User can click the overview page after logging in]]>
              </value>
            </param>
          </params>
          <reporter-output>
          </reporter-output>
        </test-method> <!-- feature -->
        <test-method status="PASS" signature="feature(cucumber.api.testng.CucumberFeatureWrapper)[pri:0, instance:com.revature.cucumberop.TestRunner@553f17c]" name="feature" duration-ms="4727" started-at="2018-08-23T14:17:29Z" description="Runs Cucumber Feature" data-provider="features" finished-at="2018-08-23T14:17:34Z">
          <params>
            <param index="0">
              <value>
                <![CDATA[The user is able to delete a trainer]]>
              </value>
            </param>
          </params>
          <reporter-output>
          </reporter-output>
        </test-method> <!-- feature -->
        <test-method status="PASS" signature="feature(cucumber.api.testng.CucumberFeatureWrapper)[pri:0, instance:com.revature.cucumberop.TestRunner@553f17c]" name="feature" duration-ms="5014" started-at="2018-08-23T14:17:34Z" description="Runs Cucumber Feature" data-provider="features" finished-at="2018-08-23T14:17:39Z">
          <params>
            <param index="0">
              <value>
                <![CDATA[The user is able to download trainer resume]]>
              </value>
            </param>
          </params>
          <reporter-output>
          </reporter-output>
        </test-method> <!-- feature -->
        <test-method status="PASS" signature="feature(cucumber.api.testng.CucumberFeatureWrapper)[pri:0, instance:com.revature.cucumberop.TestRunner@553f17c]" name="feature" duration-ms="4927" started-at="2018-08-23T14:17:39Z" description="Runs Cucumber Feature" data-provider="features" finished-at="2018-08-23T14:17:44Z">
          <params>
            <param index="0">
              <value>
                <![CDATA[The user is able to edit Capital One]]>
              </value>
            </param>
          </params>
          <reporter-output>
          </reporter-output>
        </test-method> <!-- feature -->
        <test-method status="PASS" signature="feature(cucumber.api.testng.CucumberFeatureWrapper)[pri:0, instance:com.revature.cucumberop.TestRunner@553f17c]" name="feature" duration-ms="5064" started-at="2018-08-23T14:17:44Z" description="Runs Cucumber Feature" data-provider="features" finished-at="2018-08-23T14:17:49Z">
          <params>
            <param index="0">
              <value>
                <![CDATA[The user is able to download CSV document]]>
              </value>
            </param>
          </params>
          <reporter-output>
          </reporter-output>
        </test-method> <!-- feature -->
        <test-method status="PASS" signature="feature(cucumber.api.testng.CucumberFeatureWrapper)[pri:0, instance:com.revature.cucumberop.TestRunner@553f17c]" name="feature" duration-ms="4967" started-at="2018-08-23T14:17:49Z" description="Runs Cucumber Feature" data-provider="features" finished-at="2018-08-23T14:17:54Z">
          <params>
            <param index="0">
              <value>
                <![CDATA[The user is able to use drop down]]>
              </value>
            </param>
          </params>
          <reporter-output>
          </reporter-output>
        </test-method> <!-- feature -->
        <test-method status="PASS" signature="tearDownClass()[pri:0, instance:com.revature.cucumberop.TestRunner@553f17c]" name="tearDownClass" is-config="true" duration-ms="15" started-at="2018-08-23T14:17:54Z" finished-at="2018-08-23T14:17:54Z">
          <reporter-output>
          </reporter-output>
        </test-method> <!-- tearDownClass -->
      </class> <!-- com.revature.cucumberop.TestRunner -->
    </test> <!-- All Tests -->
  </suite> <!-- SuiteToRunTests -->
</testng-results>
