<?xml version="1.0" encoding="UTF-8"?>
<testng-results skipped="0" failed="0" ignored="0" total="3" passed="3">
  <reporter-output>
  </reporter-output>
  <suite name="Default suite" duration-ms="24938" started-at="2018-08-23T01:48:10Z" finished-at="2018-08-23T01:48:35Z">
    <groups>
      <group name="cucumber">
        <method signature="AbstractTestNGCucumberTests.feature(cucumber.api.testng.CucumberFeatureWrapper)[pri:0, instance:com.revature.cucumberop.TestRunner@239963d8]" name="feature" class="cucumber.api.testng.AbstractTestNGCucumberTests"/>
      </group> <!-- cucumber -->
    </groups>
    <test name="Default test" duration-ms="24938" started-at="2018-08-23T01:48:10Z" finished-at="2018-08-23T01:48:35Z">
      <class name="com.revature.cucumberop.TestRunner">
        <test-method status="PASS" signature="setUpClass()[pri:0, instance:com.revature.cucumberop.TestRunner@239963d8]" name="setUpClass" is-config="true" duration-ms="396" started-at="2018-08-22T21:48:10Z" finished-at="2018-08-22T21:48:10Z">
          <reporter-output>
          </reporter-output>
        </test-method> <!-- setUpClass -->
        <test-method status="PASS" signature="feature(cucumber.api.testng.CucumberFeatureWrapper)[pri:0, instance:com.revature.cucumberop.TestRunner@239963d8]" name="feature" duration-ms="8239" started-at="2018-08-22T21:48:10Z" description="Runs Cucumber Feature" data-provider="features" finished-at="2018-08-22T21:48:18Z">
          <params>
            <param index="0">
              <value>
                <![CDATA[]]>
              </value>
            </param>
          </params>
          <reporter-output>
          </reporter-output>
        </test-method> <!-- feature -->
        <test-method status="PASS" signature="feature(cucumber.api.testng.CucumberFeatureWrapper)[pri:0, instance:com.revature.cucumberop.TestRunner@239963d8]" name="feature" duration-ms="7739" started-at="2018-08-22T21:48:18Z" description="Runs Cucumber Feature" data-provider="features" finished-at="2018-08-22T21:48:26Z">
          <params>
            <param index="0">
              <value>
                <![CDATA[User can click the overview page after logging in]]>
              </value>
            </param>
          </params>
          <reporter-output>
          </reporter-output>
        </test-method> <!-- feature -->
        <test-method status="PASS" signature="feature(cucumber.api.testng.CucumberFeatureWrapper)[pri:0, instance:com.revature.cucumberop.TestRunner@239963d8]" name="feature" duration-ms="8250" started-at="2018-08-22T21:48:26Z" description="Runs Cucumber Feature" data-provider="features" finished-at="2018-08-22T21:48:34Z">
          <params>
            <param index="0">
              <value>
                <![CDATA[The user is able to download CSV document]]>
              </value>
            </param>
          </params>
          <reporter-output>
          </reporter-output>
        </test-method> <!-- feature -->
        <test-method status="PASS" signature="tearDownClass()[pri:0, instance:com.revature.cucumberop.TestRunner@239963d8]" name="tearDownClass" is-config="true" duration-ms="173" started-at="2018-08-22T21:48:34Z" finished-at="2018-08-22T21:48:35Z">
          <reporter-output>
          </reporter-output>
        </test-method> <!-- tearDownClass -->
      </class> <!-- com.revature.cucumberop.TestRunner -->
    </test> <!-- Default test -->
  </suite> <!-- Default suite -->
</testng-results>
