<?xml version="1.0" encoding="UTF-8"?>
<testng-results skipped="0" failed="0" ignored="0" total="9" passed="9">
  <reporter-output>
  </reporter-output>
  <suite name="Default suite" duration-ms="124553" started-at="2018-08-24T03:24:42Z" finished-at="2018-08-24T03:26:47Z">
    <groups>
      <group name="cucumber">
        <method signature="AbstractTestNGCucumberTests.feature(cucumber.api.testng.CucumberFeatureWrapper)[pri:0, instance:com.revature.cucumberop.TestRunner@365185bd]" name="feature" class="cucumber.api.testng.AbstractTestNGCucumberTests"/>
      </group> <!-- cucumber -->
    </groups>
    <test name="Default test" duration-ms="124553" started-at="2018-08-24T03:24:42Z" finished-at="2018-08-24T03:26:47Z">
      <class name="com.revature.cucumberop.TestRunner">
        <test-method status="PASS" signature="setUpClass()[pri:0, instance:com.revature.cucumberop.TestRunner@365185bd]" name="setUpClass" is-config="true" duration-ms="519" started-at="2018-08-24T03:24:42Z" finished-at="2018-08-24T03:24:43Z">
          <reporter-output>
          </reporter-output>
        </test-method> <!-- setUpClass -->
        <test-method status="PASS" signature="feature(cucumber.api.testng.CucumberFeatureWrapper)[pri:0, instance:com.revature.cucumberop.TestRunner@365185bd]" name="feature" duration-ms="8747" started-at="2018-08-24T03:24:43Z" description="Runs Cucumber Feature" data-provider="features" finished-at="2018-08-24T03:24:52Z">
          <params>
            <param index="0">
              <value>
                <![CDATA[]]>
              </value>
            </param>
          </params>
          <reporter-output>
          </reporter-output>
        </test-method> <!-- feature -->
        <test-method status="PASS" signature="feature(cucumber.api.testng.CucumberFeatureWrapper)[pri:0, instance:com.revature.cucumberop.TestRunner@365185bd]" name="feature" duration-ms="12466" started-at="2018-08-24T03:24:52Z" description="Runs Cucumber Feature" data-provider="features" finished-at="2018-08-24T03:25:04Z">
          <params>
            <param index="0">
              <value>
                <![CDATA[The user is able to add a focus]]>
              </value>
            </param>
          </params>
          <reporter-output>
          </reporter-output>
        </test-method> <!-- feature -->
        <test-method status="PASS" signature="feature(cucumber.api.testng.CucumberFeatureWrapper)[pri:0, instance:com.revature.cucumberop.TestRunner@365185bd]" name="feature" duration-ms="12486" started-at="2018-08-24T03:25:04Z" description="Runs Cucumber Feature" data-provider="features" finished-at="2018-08-24T03:25:17Z">
          <params>
            <param index="0">
              <value>
                <![CDATA[The user is able to add a skill]]>
              </value>
            </param>
          </params>
          <reporter-output>
          </reporter-output>
        </test-method> <!-- feature -->
        <test-method status="PASS" signature="feature(cucumber.api.testng.CucumberFeatureWrapper)[pri:0, instance:com.revature.cucumberop.TestRunner@365185bd]" name="feature" duration-ms="10730" started-at="2018-08-24T03:25:17Z" description="Runs Cucumber Feature" data-provider="features" finished-at="2018-08-24T03:25:27Z">
          <params>
            <param index="0">
              <value>
                <![CDATA[User can click the overview page after logging in]]>
              </value>
            </param>
          </params>
          <reporter-output>
          </reporter-output>
        </test-method> <!-- feature -->
        <test-method status="PASS" signature="feature(cucumber.api.testng.CucumberFeatureWrapper)[pri:0, instance:com.revature.cucumberop.TestRunner@365185bd]" name="feature" duration-ms="26901" started-at="2018-08-24T03:25:27Z" description="Runs Cucumber Feature" data-provider="features" finished-at="2018-08-24T03:25:54Z">
          <params>
            <param index="0">
              <value>
                <![CDATA[The user is able to delete a trainer]]>
              </value>
            </param>
          </params>
          <reporter-output>
          </reporter-output>
        </test-method> <!-- feature -->
        <test-method status="PASS" signature="feature(cucumber.api.testng.CucumberFeatureWrapper)[pri:0, instance:com.revature.cucumberop.TestRunner@365185bd]" name="feature" duration-ms="15489" started-at="2018-08-24T03:25:54Z" description="Runs Cucumber Feature" data-provider="features" finished-at="2018-08-24T03:26:10Z">
          <params>
            <param index="0">
              <value>
                <![CDATA[The user is able to download trainer resume]]>
              </value>
            </param>
          </params>
          <reporter-output>
          </reporter-output>
        </test-method> <!-- feature -->
        <test-method status="PASS" signature="feature(cucumber.api.testng.CucumberFeatureWrapper)[pri:0, instance:com.revature.cucumberop.TestRunner@365185bd]" name="feature" duration-ms="14282" started-at="2018-08-24T03:26:10Z" description="Runs Cucumber Feature" data-provider="features" finished-at="2018-08-24T03:26:24Z">
          <params>
            <param index="0">
              <value>
                <![CDATA[The user is able to edit Capital One]]>
              </value>
            </param>
          </params>
          <reporter-output>
          </reporter-output>
        </test-method> <!-- feature -->
        <test-method status="PASS" signature="feature(cucumber.api.testng.CucumberFeatureWrapper)[pri:0, instance:com.revature.cucumberop.TestRunner@365185bd]" name="feature" duration-ms="12462" started-at="2018-08-24T03:26:24Z" description="Runs Cucumber Feature" data-provider="features" finished-at="2018-08-24T03:26:36Z">
          <params>
            <param index="0">
              <value>
                <![CDATA[The user is able to download CSV document]]>
              </value>
            </param>
          </params>
          <reporter-output>
          </reporter-output>
        </test-method> <!-- feature -->
        <test-method status="PASS" signature="feature(cucumber.api.testng.CucumberFeatureWrapper)[pri:0, instance:com.revature.cucumberop.TestRunner@365185bd]" name="feature" duration-ms="10152" started-at="2018-08-24T03:26:36Z" description="Runs Cucumber Feature" data-provider="features" finished-at="2018-08-24T03:26:47Z">
          <params>
            <param index="0">
              <value>
                <![CDATA[The user is able to use drop down]]>
              </value>
            </param>
          </params>
          <reporter-output>
          </reporter-output>
        </test-method> <!-- feature -->
        <test-method status="PASS" signature="tearDownClass()[pri:0, instance:com.revature.cucumberop.TestRunner@365185bd]" name="tearDownClass" is-config="true" duration-ms="97" started-at="2018-08-24T03:26:47Z" finished-at="2018-08-24T03:26:47Z">
          <reporter-output>
          </reporter-output>
        </test-method> <!-- tearDownClass -->
      </class> <!-- com.revature.cucumberop.TestRunner -->
    </test> <!-- Default test -->
  </suite> <!-- Default suite -->
</testng-results>
