<?xml version="1.0" encoding="UTF-8"?>
<testng-results skipped="0" failed="0" ignored="0" total="9" passed="9">
  <reporter-output>
  </reporter-output>
  <suite name="SuiteToRunTests" duration-ms="74740" started-at="2018-08-24T01:27:23Z" finished-at="2018-08-24T01:28:37Z">
    <groups>
      <group name="cucumber">
        <method signature="AbstractTestNGCucumberTests.feature(cucumber.api.testng.CucumberFeatureWrapper)[pri:0, instance:com.revature.cucumberop.TestRunner@553f17c]" name="feature" class="cucumber.api.testng.AbstractTestNGCucumberTests"/>
      </group> <!-- cucumber -->
    </groups>
    <test name="All Tests" duration-ms="74740" started-at="2018-08-24T01:27:23Z" finished-at="2018-08-24T01:28:37Z">
      <class name="com.revature.cucumberop.TestRunner">
        <test-method status="PASS" signature="setUpClass()[pri:0, instance:com.revature.cucumberop.TestRunner@553f17c]" name="setUpClass" is-config="true" duration-ms="146" started-at="2018-08-23T21:27:23Z" finished-at="2018-08-23T21:27:23Z">
          <reporter-output>
          </reporter-output>
        </test-method> <!-- setUpClass -->
        <test-method status="PASS" signature="feature(cucumber.api.testng.CucumberFeatureWrapper)[pri:0, instance:com.revature.cucumberop.TestRunner@553f17c]" name="feature" duration-ms="4417" started-at="2018-08-23T21:27:23Z" description="Runs Cucumber Feature" data-provider="features" finished-at="2018-08-23T21:27:27Z">
          <params>
            <param index="0">
              <value>
                <![CDATA[]]>
              </value>
            </param>
          </params>
          <reporter-output>
          </reporter-output>
        </test-method> <!-- feature -->
        <test-method status="PASS" signature="feature(cucumber.api.testng.CucumberFeatureWrapper)[pri:0, instance:com.revature.cucumberop.TestRunner@553f17c]" name="feature" duration-ms="10321" started-at="2018-08-23T21:27:27Z" description="Runs Cucumber Feature" data-provider="features" finished-at="2018-08-23T21:27:37Z">
          <params>
            <param index="0">
              <value>
                <![CDATA[The user is able to add a focus]]>
              </value>
            </param>
          </params>
          <reporter-output>
          </reporter-output>
        </test-method> <!-- feature -->
        <test-method status="PASS" signature="feature(cucumber.api.testng.CucumberFeatureWrapper)[pri:0, instance:com.revature.cucumberop.TestRunner@553f17c]" name="feature" duration-ms="8458" started-at="2018-08-23T21:27:37Z" description="Runs Cucumber Feature" data-provider="features" finished-at="2018-08-23T21:27:46Z">
          <params>
            <param index="0">
              <value>
                <![CDATA[The user is able to add a skill]]>
              </value>
            </param>
          </params>
          <reporter-output>
          </reporter-output>
        </test-method> <!-- feature -->
        <test-method status="PASS" signature="feature(cucumber.api.testng.CucumberFeatureWrapper)[pri:0, instance:com.revature.cucumberop.TestRunner@553f17c]" name="feature" duration-ms="5736" started-at="2018-08-23T21:27:46Z" description="Runs Cucumber Feature" data-provider="features" finished-at="2018-08-23T21:27:52Z">
          <params>
            <param index="0">
              <value>
                <![CDATA[User can click the overview page after logging in]]>
              </value>
            </param>
          </params>
          <reporter-output>
          </reporter-output>
        </test-method> <!-- feature -->
        <test-method status="PASS" signature="feature(cucumber.api.testng.CucumberFeatureWrapper)[pri:0, instance:com.revature.cucumberop.TestRunner@553f17c]" name="feature" duration-ms="20932" started-at="2018-08-23T21:27:52Z" description="Runs Cucumber Feature" data-provider="features" finished-at="2018-08-23T21:28:13Z">
          <params>
            <param index="0">
              <value>
                <![CDATA[The user is able to delete a trainer]]>
              </value>
            </param>
          </params>
          <reporter-output>
          </reporter-output>
        </test-method> <!-- feature -->
        <test-method status="PASS" signature="feature(cucumber.api.testng.CucumberFeatureWrapper)[pri:0, instance:com.revature.cucumberop.TestRunner@553f17c]" name="feature" duration-ms="6037" started-at="2018-08-23T21:28:13Z" description="Runs Cucumber Feature" data-provider="features" finished-at="2018-08-23T21:28:19Z">
          <params>
            <param index="0">
              <value>
                <![CDATA[The user is able to download trainer resume]]>
              </value>
            </param>
          </params>
          <reporter-output>
          </reporter-output>
        </test-method> <!-- feature -->
        <test-method status="PASS" signature="feature(cucumber.api.testng.CucumberFeatureWrapper)[pri:0, instance:com.revature.cucumberop.TestRunner@553f17c]" name="feature" duration-ms="6287" started-at="2018-08-23T21:28:19Z" description="Runs Cucumber Feature" data-provider="features" finished-at="2018-08-23T21:28:25Z">
          <params>
            <param index="0">
              <value>
                <![CDATA[The user is able to edit Capital One]]>
              </value>
            </param>
          </params>
          <reporter-output>
          </reporter-output>
        </test-method> <!-- feature -->
        <test-method status="PASS" signature="feature(cucumber.api.testng.CucumberFeatureWrapper)[pri:0, instance:com.revature.cucumberop.TestRunner@553f17c]" name="feature" duration-ms="5962" started-at="2018-08-23T21:28:25Z" description="Runs Cucumber Feature" data-provider="features" finished-at="2018-08-23T21:28:31Z">
          <params>
            <param index="0">
              <value>
                <![CDATA[The user is able to download CSV document]]>
              </value>
            </param>
          </params>
          <reporter-output>
          </reporter-output>
        </test-method> <!-- feature -->
        <test-method status="PASS" signature="feature(cucumber.api.testng.CucumberFeatureWrapper)[pri:0, instance:com.revature.cucumberop.TestRunner@553f17c]" name="feature" duration-ms="6351" started-at="2018-08-23T21:28:31Z" description="Runs Cucumber Feature" data-provider="features" finished-at="2018-08-23T21:28:37Z">
          <params>
            <param index="0">
              <value>
                <![CDATA[The user is able to use drop down]]>
              </value>
            </param>
          </params>
          <reporter-output>
          </reporter-output>
        </test-method> <!-- feature -->
        <test-method status="PASS" signature="tearDownClass()[pri:0, instance:com.revature.cucumberop.TestRunner@553f17c]" name="tearDownClass" is-config="true" duration-ms="20" started-at="2018-08-23T21:28:37Z" finished-at="2018-08-23T21:28:37Z">
          <reporter-output>
          </reporter-output>
        </test-method> <!-- tearDownClass -->
      </class> <!-- com.revature.cucumberop.TestRunner -->
    </test> <!-- All Tests -->
  </suite> <!-- SuiteToRunTests -->
</testng-results>
